Using pre-set license
Built from '2020.3/staging' branch; Version is '2020.3.11f1 (99c7afb366b3) revision 10078127'; Using compiler version '192528614'; Build Type 'Release'
OS: 'Windows 10 Education; OS build 19042.1110; Version 2009; 64bit' Language: 'ru' Physical Memory: 7549 MB
BatchMode: 1, IsHumanControllingUs: 0, StartBugReporterOnCrash: 0, Is64bit: 1, IsPro: 0

 COMMAND LINE ARGUMENTS:
C:\Program Files\unity\2020.3.11f1\Editor\Unity.exe
-adb2
-batchMode
-noUpm
-name
AssetImportWorker0
-projectPath
E:/ReleaseGame/TicTacToe/TreasureBox
-logFile
Logs/AssetImportWorker0.log
-srvPort
59502
Successfully changed project path to: E:/ReleaseGame/TicTacToe/TreasureBox
E:/ReleaseGame/TicTacToe/TreasureBox
Using Asset Import Pipeline V2.
Refreshing native plugins compatible for Editor in 30.61 ms, found 2 plugins.
Preloading 0 native plugins for Editor in 0.00 ms.
Initialize engine version: 2020.3.11f1 (99c7afb366b3)
[Subsystems] Discovering subsystems at path C:/Program Files/unity/2020.3.11f1/Editor/Data/Resources/UnitySubsystems
[Subsystems] Discovering subsystems at path E:/ReleaseGame/TicTacToe/TreasureBox/Assets
GfxDevice: creating device client; threaded=0
Direct3D:
    Version:  Direct3D 11.0 [level 11.1]
    Renderer: NVIDIA GeForce GTX 1650 Ti (ID=0x1f95)
    Vendor:   
    VRAM:     3962 MB
    Driver:   30.0.14.7168
Initialize mono
Mono path[0] = 'C:/Program Files/unity/2020.3.11f1/Editor/Data/Managed'
Mono path[1] = 'C:/Program Files/unity/2020.3.11f1/Editor/Data/MonoBleedingEdge/lib/mono/unityjit'
Mono config path = 'C:/Program Files/unity/2020.3.11f1/Editor/Data/MonoBleedingEdge/etc'
Using monoOptions --debugger-agent=transport=dt_socket,embedding=1,server=y,suspend=n,address=127.0.0.1:56964
Begin MonoManager ReloadAssembly
Registering precompiled unity dll's ...
Register platform support module: C:/Program Files/unity/2020.3.11f1/Editor/Data/PlaybackEngines/WindowsStandaloneSupport/UnityEditor.WindowsStandalone.Extensions.dll
Registered in 0.001637 seconds.
Native extension for WindowsStandalone target not found
Refreshing native plugins compatible for Editor in 28.03 ms, found 2 plugins.
Preloading 0 native plugins for Editor in 0.00 ms.
Mono: successfully reloaded assembly
- Completed reload, in  2.101 seconds
Platform modules already initialized, skipping
Registering precompiled user dll's ...
Registered in 0.002638 seconds.
Begin MonoManager ReloadAssembly
Native extension for WindowsStandalone target not found
Refreshing native plugins compatible for Editor in 0.34 ms, found 2 plugins.
Preloading 0 native plugins for Editor in 0.00 ms.
Mono: successfully reloaded assembly
- Completed reload, in  1.031 seconds
Platform modules already initialized, skipping
========================================================================
Worker process is ready to serve import requests
Launched and connected shader compiler UnityShaderCompiler.exe after 0.04 seconds
Refreshing native plugins compatible for Editor in 0.87 ms, found 2 plugins.
Preloading 0 native plugins for Editor in 0.00 ms.
Unloading 1424 Unused Serialized files (Serialized files now loaded: 0)
System memory in use before: 66.9 MB.
System memory in use after: 66.9 MB.

Unloading 19 unused Assets to reduce memory usage. Loaded Objects now: 1860.
Total: 2.053900 ms (FindLiveObjects: 0.234300 ms CreateObjectMapping: 0.038500 ms MarkObjects: 1.665800 ms  DeleteObjects: 0.113500 ms)

========================================================================
Received Import Request.
  path: Assets/LowPolyWater_Pack/Scripts
  artifactKey: Guid(addf2c7968b9c9942857f9779317ffef) Importer(815301076,1909f56bfc062723c751e8b465ee728b)
Start importing Assets/LowPolyWater_Pack/Scripts using Guid(addf2c7968b9c9942857f9779317ffef) Importer(815301076,1909f56bfc062723c751e8b465ee728b)  -> (artifact id: '0944f4fe1aedc5fd28759fb301f5e790') in 0.011561 seconds
  Import took 0.206968 seconds .

========================================================================
Received Import Request.
  Time since last request: 2.082433 seconds.
  path: Assets/LowPolyWater_Pack/Scripts/LowPolyWater.cs
  artifactKey: Guid(5c6a6df342b52d24092cf6bbb590c535) Importer(815301076,1909f56bfc062723c751e8b465ee728b)
Start importing Assets/LowPolyWater_Pack/Scripts/LowPolyWater.cs using Guid(5c6a6df342b52d24092cf6bbb590c535) Importer(815301076,1909f56bfc062723c751e8b465ee728b)  -> (artifact id: 'cb5cfa8f7a8dd067380272914caa18c3') in 0.019679 seconds
  Import took 0.059972 seconds .

========================================================================
Received Import Request.
  Time since last request: 11.154970 seconds.
  path: Assets/LowPolyWater_Pack/Scripts/LowPolyWater.cs
  artifactKey: Guid(5c6a6df342b52d24092cf6bbb590c535) Importer(815301076,1909f56bfc062723c751e8b465ee728b)
Start importing Assets/LowPolyWater_Pack/Scripts/LowPolyWater.cs using Guid(5c6a6df342b52d24092cf6bbb590c535) Importer(815301076,1909f56bfc062723c751e8b465ee728b)  -> (artifact id: '891f086a5c186a146c5f0d763a54743e') in 0.004336 seconds
  Import took 0.023725 seconds .

========================================================================
Received Prepare
Registering precompiled user dll's ...
Registered in 0.242117 seconds.
Begin MonoManager ReloadAssembly
Native extension for WindowsStandalone target not found
Refreshing native plugins compatible for Editor in 0.33 ms, found 2 plugins.
Preloading 0 native plugins for Editor in 0.00 ms.
Mono: successfully reloaded assembly
- Completed reload, in  0.937 seconds
Platform modules already initialized, skipping
Refreshing native plugins compatible for Editor in 0.54 ms, found 2 plugins.
Preloading 0 native plugins for Editor in 0.00 ms.
Unloading 1418 Unused Serialized files (Serialized files now loaded: 0)
System memory in use before: 66.6 MB.
System memory in use after: 66.7 MB.

Unloading 14 unused Assets to reduce memory usage. Loaded Objects now: 1864.
Total: 2.136800 ms (FindLiveObjects: 0.259200 ms CreateObjectMapping: 0.074300 ms MarkObjects: 1.740400 ms  DeleteObjects: 0.061000 ms)

========================================================================
Received Prepare
Registering precompiled user dll's ...
Registered in 0.002420 seconds.
Begin MonoManager ReloadAssembly
Native extension for WindowsStandalone target not found
Refreshing native plugins compatible for Editor in 0.82 ms, found 2 plugins.
Preloading 0 native plugins for Editor in 0.00 ms.
Mono: successfully reloaded assembly
- Completed reload, in  1.014 seconds
Platform modules already initialized, skipping
Refreshing native plugins compatible for Editor in 0.39 ms, found 2 plugins.
Preloading 0 native plugins for Editor in 0.00 ms.
Unloading 1418 Unused Serialized files (Serialized files now loaded: 0)
System memory in use before: 66.7 MB.
System memory in use after: 66.7 MB.

Unloading 14 unused Assets to reduce memory usage. Loaded Objects now: 1867.
Total: 2.229700 ms (FindLiveObjects: 0.282300 ms CreateObjectMapping: 0.040000 ms MarkObjects: 1.843000 ms  DeleteObjects: 0.062600 ms)

========================================================================
Received Import Request.
  Time since last request: 55.829234 seconds.
  path: Assets/LowPolyWater_Pack/Scripts/LowPolyWater.cs
  artifactKey: Guid(5c6a6df342b52d24092cf6bbb590c535) Importer(815301076,1909f56bfc062723c751e8b465ee728b)
Start importing Assets/LowPolyWater_Pack/Scripts/LowPolyWater.cs using Guid(5c6a6df342b52d24092cf6bbb590c535) Importer(815301076,1909f56bfc062723c751e8b465ee728b)  -> (artifact id: 'dccb5a3d730be37d783b60f6cd596ef0') in 0.005164 seconds
  Import took 0.025391 seconds .

========================================================================
Received Prepare
Registering precompiled user dll's ...
Registered in 0.002131 seconds.
Begin MonoManager ReloadAssembly
Native extension for WindowsStandalone target not found
Refreshing native plugins compatible for Editor in 0.32 ms, found 2 plugins.
Preloading 0 native plugins for Editor in 0.00 ms.
Mono: successfully reloaded assembly
- Completed reload, in  0.973 seconds
Platform modules already initialized, skipping
Refreshing native plugins compatible for Editor in 0.35 ms, found 2 plugins.
Preloading 0 native plugins for Editor in 0.00 ms.
Unloading 1418 Unused Serialized files (Serialized files now loaded: 0)
System memory in use before: 66.7 MB.
System memory in use after: 66.8 MB.

Unloading 14 unused Assets to reduce memory usage. Loaded Objects now: 1870.
Total: 2.206600 ms (FindLiveObjects: 0.230400 ms CreateObjectMapping: 0.044600 ms MarkObjects: 1.867500 ms  DeleteObjects: 0.062100 ms)

========================================================================
Received Prepare
Registering precompiled user dll's ...
Registered in 0.002217 seconds.
Begin MonoManager ReloadAssembly
Native extension for WindowsStandalone target not found
Refreshing native plugins compatible for Editor in 0.34 ms, found 2 plugins.
Preloading 0 native plugins for Editor in 0.00 ms.
Mono: successfully reloaded assembly
- Completed reload, in  0.996 seconds
Platform modules already initialized, skipping
Refreshing native plugins compatible for Editor in 0.42 ms, found 2 plugins.
Preloading 0 native plugins for Editor in 0.00 ms.
Unloading 1418 Unused Serialized files (Serialized files now loaded: 0)
System memory in use before: 66.7 MB.
System memory in use after: 66.8 MB.

Unloading 14 unused Assets to reduce memory usage. Loaded Objects now: 1873.
Total: 1.888900 ms (FindLiveObjects: 0.205300 ms CreateObjectMapping: 0.038500 ms MarkObjects: 1.582900 ms  DeleteObjects: 0.060700 ms)

========================================================================
Received Prepare
Registering precompiled user dll's ...
Registered in 0.002283 seconds.
Begin MonoManager ReloadAssembly
Native extension for WindowsStandalone target not found
Refreshing native plugins compatible for Editor in 0.42 ms, found 2 plugins.
Preloading 0 native plugins for Editor in 0.00 ms.
Mono: successfully reloaded assembly
- Completed reload, in  0.958 seconds
Platform modules already initialized, skipping
Refreshing native plugins compatible for Editor in 0.37 ms, found 2 plugins.
Preloading 0 native plugins for Editor in 0.00 ms.
Unloading 1418 Unused Serialized files (Serialized files now loaded: 0)
System memory in use before: 66.7 MB.
System memory in use after: 66.8 MB.

Unloading 14 unused Assets to reduce memory usage. Loaded Objects now: 1876.
Total: 2.408700 ms (FindLiveObjects: 0.170600 ms CreateObjectMapping: 0.035400 ms MarkObjects: 2.142500 ms  DeleteObjects: 0.059000 ms)

========================================================================
Received Import Request.
  Time since last request: 455.747794 seconds.
  path: Assets/LowPolyWater_Pack/Scripts/LowPolyWater.cs
  artifactKey: Guid(5c6a6df342b52d24092cf6bbb590c535) Importer(815301076,1909f56bfc062723c751e8b465ee728b)
Start importing Assets/LowPolyWater_Pack/Scripts/LowPolyWater.cs using Guid(5c6a6df342b52d24092cf6bbb590c535) Importer(815301076,1909f56bfc062723c751e8b465ee728b)  -> (artifact id: 'c766292f848fd9cb517d373f01c525a6') in 0.007306 seconds
  Import took 0.030303 seconds .

========================================================================
Received Prepare
Registering precompiled user dll's ...
Registered in 0.002169 seconds.
Begin MonoManager ReloadAssembly
Native extension for WindowsStandalone target not found
Refreshing native plugins compatible for Editor in 0.35 ms, found 2 plugins.
Preloading 0 native plugins for Editor in 0.00 ms.
Mono: successfully reloaded assembly
- Completed reload, in  0.954 seconds
Platform modules already initialized, skipping
Refreshing native plugins compatible for Editor in 0.34 ms, found 2 plugins.
Preloading 0 native plugins for Editor in 0.00 ms.
Unloading 1418 Unused Serialized files (Serialized files now loaded: 0)
System memory in use before: 66.7 MB.
System memory in use after: 66.8 MB.

Unloading 14 unused Assets to reduce memory usage. Loaded Objects now: 1879.
Total: 2.787400 ms (FindLiveObjects: 0.219300 ms CreateObjectMapping: 0.064600 ms MarkObjects: 2.418500 ms  DeleteObjects: 0.082600 ms)

========================================================================
Received Prepare
Registering precompiled user dll's ...
Registered in 0.002256 seconds.
Begin MonoManager ReloadAssembly
Native extension for WindowsStandalone target not found
Refreshing native plugins compatible for Editor in 0.32 ms, found 2 plugins.
Preloading 0 native plugins for Editor in 0.00 ms.
Mono: successfully reloaded assembly
- Completed reload, in  0.998 seconds
Platform modules already initialized, skipping
Refreshing native plugins compatible for Editor in 0.33 ms, found 2 plugins.
Preloading 0 native plugins for Editor in 0.00 ms.
Unloading 1418 Unused Serialized files (Serialized files now loaded: 0)
System memory in use before: 66.7 MB.
System memory in use after: 66.8 MB.

Unloading 14 unused Assets to reduce memory usage. Loaded Objects now: 1882.
Total: 2.360600 ms (FindLiveObjects: 0.169500 ms CreateObjectMapping: 0.033600 ms MarkObjects: 2.035400 ms  DeleteObjects: 0.120300 ms)

========================================================================
Received Prepare
Registering precompiled user dll's ...
Registered in 0.002678 seconds.
Begin MonoManager ReloadAssembly
Native extension for WindowsStandalone target not found
Refreshing native plugins compatible for Editor in 0.36 ms, found 2 plugins.
Preloading 0 native plugins for Editor in 0.00 ms.
Mono: successfully reloaded assembly
- Completed reload, in  0.937 seconds
Platform modules already initialized, skipping
Refreshing native plugins compatible for Editor in 0.46 ms, found 2 plugins.
Preloading 0 native plugins for Editor in 0.00 ms.
Unloading 1418 Unused Serialized files (Serialized files now loaded: 0)
System memory in use before: 66.7 MB.
System memory in use after: 66.8 MB.

Unloading 14 unused Assets to reduce memory usage. Loaded Objects now: 1885.
Total: 2.224100 ms (FindLiveObjects: 0.187200 ms CreateObjectMapping: 0.036900 ms MarkObjects: 1.927200 ms  DeleteObjects: 0.071100 ms)

========================================================================
Received Prepare
Registering precompiled user dll's ...
Registered in 0.002506 seconds.
Begin MonoManager ReloadAssembly
Native extension for WindowsStandalone target not found
Refreshing native plugins compatible for Editor in 0.42 ms, found 2 plugins.
Preloading 0 native plugins for Editor in 0.00 ms.
Mono: successfully reloaded assembly
- Completed reload, in  0.934 seconds
Platform modules already initialized, skipping
Refreshing native plugins compatible for Editor in 0.37 ms, found 2 plugins.
Preloading 0 native plugins for Editor in 0.00 ms.
Unloading 1418 Unused Serialized files (Serialized files now loaded: 0)
System memory in use before: 66.7 MB.
System memory in use after: 66.8 MB.

Unloading 14 unused Assets to reduce memory usage. Loaded Objects now: 1888.
Total: 2.246300 ms (FindLiveObjects: 0.208800 ms CreateObjectMapping: 0.033800 ms MarkObjects: 1.935900 ms  DeleteObjects: 0.065600 ms)

========================================================================
Received Prepare
Registering precompiled user dll's ...
Registered in 0.002224 seconds.
Begin MonoManager ReloadAssembly
Native extension for WindowsStandalone target not found
Refreshing native plugins compatible for Editor in 0.33 ms, found 2 plugins.
Preloading 0 native plugins for Editor in 0.00 ms.
Mono: successfully reloaded assembly
- Completed reload, in  0.935 seconds
Platform modules already initialized, skipping
Refreshing native plugins compatible for Editor in 0.37 ms, found 2 plugins.
Preloading 0 native plugins for Editor in 0.00 ms.
Unloading 1418 Unused Serialized files (Serialized files now loaded: 0)
System memory in use before: 66.7 MB.
System memory in use after: 66.8 MB.

Unloading 14 unused Assets to reduce memory usage. Loaded Objects now: 1891.
Total: 2.871400 ms (FindLiveObjects: 0.239200 ms CreateObjectMapping: 0.040400 ms MarkObjects: 2.526700 ms  DeleteObjects: 0.063200 ms)

========================================================================
Received Prepare
Registering precompiled user dll's ...
Registered in 0.002253 seconds.
Begin MonoManager ReloadAssembly
Native extension for WindowsStandalone target not found
Refreshing native plugins compatible for Editor in 0.40 ms, found 2 plugins.
Preloading 0 native plugins for Editor in 0.00 ms.
Mono: successfully reloaded assembly
- Completed reload, in  0.942 seconds
Platform modules already initialized, skipping
Refreshing native plugins compatible for Editor in 0.44 ms, found 2 plugins.
Preloading 0 native plugins for Editor in 0.00 ms.
Unloading 1418 Unused Serialized files (Serialized files now loaded: 0)
System memory in use before: 66.8 MB.
System memory in use after: 66.8 MB.

Unloading 14 unused Assets to reduce memory usage. Loaded Objects now: 1894.
Total: 2.309400 ms (FindLiveObjects: 0.267600 ms CreateObjectMapping: 0.072700 ms MarkObjects: 1.899000 ms  DeleteObjects: 0.066600 ms)

========================================================================
Received Import Request.
  Time since last request: 1892.578304 seconds.
  path: Assets/Scripts/BoatController.cs
  artifactKey: Guid(240cf9a278a4d9847918800cbfca5538) Importer(815301076,1909f56bfc062723c751e8b465ee728b)
Start importing Assets/Scripts/BoatController.cs using Guid(240cf9a278a4d9847918800cbfca5538) Importer(815301076,1909f56bfc062723c751e8b465ee728b)  -> (artifact id: '38549d133607da5e566497e5e578071f') in 0.016269 seconds
  Import took 0.035725 seconds .

========================================================================
Received Prepare
Registering precompiled user dll's ...
Registered in 0.250289 seconds.
Begin MonoManager ReloadAssembly
Native extension for WindowsStandalone target not found
Refreshing native plugins compatible for Editor in 0.50 ms, found 2 plugins.
Preloading 0 native plugins for Editor in 0.00 ms.
Mono: successfully reloaded assembly
- Completed reload, in  0.975 seconds
Platform modules already initialized, skipping
Refreshing native plugins compatible for Editor in 0.59 ms, found 2 plugins.
Preloading 0 native plugins for Editor in 0.00 ms.
Unloading 1419 Unused Serialized files (Serialized files now loaded: 0)
System memory in use before: 66.8 MB.
System memory in use after: 66.9 MB.

Unloading 14 unused Assets to reduce memory usage. Loaded Objects now: 1898.
Total: 6.396100 ms (FindLiveObjects: 0.667300 ms CreateObjectMapping: 0.247600 ms MarkObjects: 5.300900 ms  DeleteObjects: 0.175800 ms)

========================================================================
Received Prepare
Registering precompiled user dll's ...
Registered in 0.055410 seconds.
Begin MonoManager ReloadAssembly
Native extension for WindowsStandalone target not found
Refreshing native plugins compatible for Editor in 0.34 ms, found 2 plugins.
Preloading 0 native plugins for Editor in 0.00 ms.
Mono: successfully reloaded assembly
- Completed reload, in  0.980 seconds
Platform modules already initialized, skipping
Refreshing native plugins compatible for Editor in 0.50 ms, found 2 plugins.
Preloading 0 native plugins for Editor in 0.00 ms.
Unloading 1419 Unused Serialized files (Serialized files now loaded: 0)
System memory in use before: 66.8 MB.
System memory in use after: 66.9 MB.

Unloading 14 unused Assets to reduce memory usage. Loaded Objects now: 1901.
Total: 2.467800 ms (FindLiveObjects: 0.293800 ms CreateObjectMapping: 0.068300 ms MarkObjects: 2.007000 ms  DeleteObjects: 0.096800 ms)

========================================================================
Received Import Request.
  Time since last request: 978.072144 seconds.
  path: Assets/Scripts/BoatController.cs
  artifactKey: Guid(240cf9a278a4d9847918800cbfca5538) Importer(815301076,1909f56bfc062723c751e8b465ee728b)
Start importing Assets/Scripts/BoatController.cs using Guid(240cf9a278a4d9847918800cbfca5538) Importer(815301076,1909f56bfc062723c751e8b465ee728b)  -> (artifact id: '310c3278ce76dac0ba18a798ed78aee5') in 0.007131 seconds
  Import took 0.062900 seconds .

========================================================================
Received Import Request.
  Time since last request: 125.043773 seconds.
  path: Assets/Prefabs
  artifactKey: Guid(8d70fec2eea73fc4189568a3212cf015) Importer(815301076,1909f56bfc062723c751e8b465ee728b)
Start importing Assets/Prefabs using Guid(8d70fec2eea73fc4189568a3212cf015) Importer(815301076,1909f56bfc062723c751e8b465ee728b)  -> (artifact id: 'c9cf19586ed99828f04a1b79e5a16004') in 0.008742 seconds
  Import took 0.021822 seconds .

========================================================================
Received Import Request.
  Time since last request: 4.551943 seconds.
  path: Assets/Prefabs/boat.prefab
  artifactKey: Guid(43157922b03416447b393943a07afd05) Importer(815301076,1909f56bfc062723c751e8b465ee728b)
Start importing Assets/Prefabs/boat.prefab using Guid(43157922b03416447b393943a07afd05) Importer(815301076,1909f56bfc062723c751e8b465ee728b)  -> (artifact id: 'efed2f25df6ba6015e9c33718801a480') in 1.360338 seconds
  Import took 1.384249 seconds .

========================================================================
Received Import Request.
  Time since last request: 25.388655 seconds.
  path: Assets/Prefabs/boat.prefab
  artifactKey: Guid(43157922b03416447b393943a07afd05) Importer(815301076,1909f56bfc062723c751e8b465ee728b)
Start importing Assets/Prefabs/boat.prefab using Guid(43157922b03416447b393943a07afd05) Importer(815301076,1909f56bfc062723c751e8b465ee728b)  -> (artifact id: '34284cf2a60f3f93e2cb524c2c8c083e') in 0.137346 seconds
  Import took 0.149022 seconds .

========================================================================
Received Prepare
Registering precompiled user dll's ...
Registered in 0.002339 seconds.
Begin MonoManager ReloadAssembly
Native extension for WindowsStandalone target not found
Refreshing native plugins compatible for Editor in 0.42 ms, found 2 plugins.
Preloading 0 native plugins for Editor in 0.00 ms.
Mono: successfully reloaded assembly
- Completed reload, in  0.953 seconds
Platform modules already initialized, skipping
Refreshing native plugins compatible for Editor in 0.46 ms, found 2 plugins.
Preloading 0 native plugins for Editor in 0.00 ms.
Unloading 1419 Unused Serialized files (Serialized files now loaded: 0)
System memory in use before: 69.9 MB.
System memory in use after: 70.0 MB.

Unloading 14 unused Assets to reduce memory usage. Loaded Objects now: 1911.
Total: 1.987200 ms (FindLiveObjects: 0.177800 ms CreateObjectMapping: 0.035500 ms MarkObjects: 1.704300 ms  DeleteObjects: 0.068100 ms)

========================================================================
Received Prepare
Registering precompiled user dll's ...
Registered in 0.003054 seconds.
Begin MonoManager ReloadAssembly
Native extension for WindowsStandalone target not found
Refreshing native plugins compatible for Editor in 0.38 ms, found 2 plugins.
Preloading 0 native plugins for Editor in 0.00 ms.
Mono: successfully reloaded assembly
- Completed reload, in  0.962 seconds
Platform modules already initialized, skipping
Refreshing native plugins compatible for Editor in 0.34 ms, found 2 plugins.
Preloading 0 native plugins for Editor in 0.00 ms.
Unloading 1419 Unused Serialized files (Serialized files now loaded: 0)
System memory in use before: 69.9 MB.
System memory in use after: 70.0 MB.

Unloading 14 unused Assets to reduce memory usage. Loaded Objects now: 1914.
Total: 2.257600 ms (FindLiveObjects: 0.226100 ms CreateObjectMapping: 0.038800 ms MarkObjects: 1.926900 ms  DeleteObjects: 0.063500 ms)

========================================================================
Received Prepare
Registering precompiled user dll's ...
Registered in 0.002955 seconds.
Begin MonoManager ReloadAssembly
Native extension for WindowsStandalone target not found
Refreshing native plugins compatible for Editor in 0.34 ms, found 2 plugins.
Preloading 0 native plugins for Editor in 0.00 ms.
Mono: successfully reloaded assembly
- Completed reload, in  0.973 seconds
Platform modules already initialized, skipping
Refreshing native plugins compatible for Editor in 0.34 ms, found 2 plugins.
Preloading 0 native plugins for Editor in 0.00 ms.
Unloading 1419 Unused Serialized files (Serialized files now loaded: 0)
System memory in use before: 69.9 MB.
System memory in use after: 70.0 MB.

Unloading 14 unused Assets to reduce memory usage. Loaded Objects now: 1917.
Total: 2.034000 ms (FindLiveObjects: 0.207100 ms CreateObjectMapping: 0.036800 ms MarkObjects: 1.731000 ms  DeleteObjects: 0.057400 ms)

========================================================================
Received Prepare
Registering precompiled user dll's ...
Registered in 0.003088 seconds.
Begin MonoManager ReloadAssembly
Native extension for WindowsStandalone target not found
Refreshing native plugins compatible for Editor in 0.33 ms, found 2 plugins.
Preloading 0 native plugins for Editor in 0.00 ms.
Mono: successfully reloaded assembly
- Completed reload, in  0.937 seconds
Platform modules already initialized, skipping
Refreshing native plugins compatible for Editor in 0.44 ms, found 2 plugins.
Preloading 0 native plugins for Editor in 0.00 ms.
Unloading 1419 Unused Serialized files (Serialized files now loaded: 0)
System memory in use before: 69.9 MB.
System memory in use after: 70.0 MB.

Unloading 14 unused Assets to reduce memory usage. Loaded Objects now: 1920.
Total: 2.847200 ms (FindLiveObjects: 0.303100 ms CreateObjectMapping: 0.038000 ms MarkObjects: 2.437700 ms  DeleteObjects: 0.066100 ms)

========================================================================
Received Prepare
Registering precompiled user dll's ...
Registered in 0.003104 seconds.
Begin MonoManager ReloadAssembly
Native extension for WindowsStandalone target not found
Refreshing native plugins compatible for Editor in 0.34 ms, found 2 plugins.
Preloading 0 native plugins for Editor in 0.00 ms.
Mono: successfully reloaded assembly
- Completed reload, in  0.988 seconds
Platform modules already initialized, skipping
Refreshing native plugins compatible for Editor in 0.32 ms, found 2 plugins.
Preloading 0 native plugins for Editor in 0.00 ms.
Unloading 1419 Unused Serialized files (Serialized files now loaded: 0)
System memory in use before: 69.9 MB.
System memory in use after: 70.0 MB.

Unloading 14 unused Assets to reduce memory usage. Loaded Objects now: 1923.
Total: 3.067100 ms (FindLiveObjects: 0.271400 ms CreateObjectMapping: 0.048400 ms MarkObjects: 2.679700 ms  DeleteObjects: 0.065100 ms)

========================================================================
Received Prepare
Registering precompiled user dll's ...
Registered in 0.002187 seconds.
Begin MonoManager ReloadAssembly
Native extension for WindowsStandalone target not found
Refreshing native plugins compatible for Editor in 0.36 ms, found 2 plugins.
Preloading 0 native plugins for Editor in 0.00 ms.
Mono: successfully reloaded assembly
- Completed reload, in  0.945 seconds
Platform modules already initialized, skipping
Refreshing native plugins compatible for Editor in 0.49 ms, found 2 plugins.
Preloading 0 native plugins for Editor in 0.00 ms.
Unloading 1419 Unused Serialized files (Serialized files now loaded: 0)
System memory in use before: 69.9 MB.
System memory in use after: 70.0 MB.

Unloading 14 unused Assets to reduce memory usage. Loaded Objects now: 1926.
Total: 2.254100 ms (FindLiveObjects: 0.239800 ms CreateObjectMapping: 0.065900 ms MarkObjects: 1.852500 ms  DeleteObjects: 0.094100 ms)

========================================================================
Received Import Request.
  Time since last request: 281.081205 seconds.
  path: Assets/Scripts/WaterSafing.cs
  artifactKey: Guid(93cf5f803831c894682418730d5049d3) Importer(815301076,1909f56bfc062723c751e8b465ee728b)
Start importing Assets/Scripts/WaterSafing.cs using Guid(93cf5f803831c894682418730d5049d3) Importer(815301076,1909f56bfc062723c751e8b465ee728b)  -> (artifact id: 'cefbe94985d32d4464640a51bc899809') in 0.006051 seconds
  Import took 0.015209 seconds .

========================================================================
Received Prepare
Registering precompiled user dll's ...
Registered in 0.002401 seconds.
Begin MonoManager ReloadAssembly
Native extension for WindowsStandalone target not found
Refreshing native plugins compatible for Editor in 0.37 ms, found 2 plugins.
Preloading 0 native plugins for Editor in 0.00 ms.
Mono: successfully reloaded assembly
- Completed reload, in  0.966 seconds
Platform modules already initialized, skipping
Refreshing native plugins compatible for Editor in 0.34 ms, found 2 plugins.
Preloading 0 native plugins for Editor in 0.00 ms.
Unloading 1419 Unused Serialized files (Serialized files now loaded: 0)
System memory in use before: 69.9 MB.
System memory in use after: 70.0 MB.

Unloading 14 unused Assets to reduce memory usage. Loaded Objects now: 1929.
Total: 2.573400 ms (FindLiveObjects: 0.257100 ms CreateObjectMapping: 0.050200 ms MarkObjects: 2.184500 ms  DeleteObjects: 0.079500 ms)

========================================================================
Received Import Request.
  Time since last request: 8.538782 seconds.
  path: Assets/Scripts/WaterSafing.cs
  artifactKey: Guid(93cf5f803831c894682418730d5049d3) Importer(815301076,1909f56bfc062723c751e8b465ee728b)
Start importing Assets/Scripts/WaterSafing.cs using Guid(93cf5f803831c894682418730d5049d3) Importer(815301076,1909f56bfc062723c751e8b465ee728b)  -> (artifact id: '9b4fb1fb91b64107dbc74ab28947625d') in 0.005547 seconds
  Import took 0.021319 seconds .

========================================================================
Received Import Request.
  Time since last request: 1.385827 seconds.
  path: Assets/Scripts/WaterSafing.cs
  artifactKey: Guid(93cf5f803831c894682418730d5049d3) Importer(815301076,1909f56bfc062723c751e8b465ee728b)
Start importing Assets/Scripts/WaterSafing.cs using Guid(93cf5f803831c894682418730d5049d3) Importer(815301076,1909f56bfc062723c751e8b465ee728b)  -> (artifact id: '9b4fb1fb91b64107dbc74ab28947625d') in 0.002602 seconds
  Import took 0.048341 seconds .

========================================================================
Received Prepare
Registering precompiled user dll's ...
Registered in 0.002167 seconds.
Begin MonoManager ReloadAssembly
Native extension for WindowsStandalone target not found
Refreshing native plugins compatible for Editor in 0.34 ms, found 2 plugins.
Preloading 0 native plugins for Editor in 0.00 ms.
Mono: successfully reloaded assembly
- Completed reload, in  0.975 seconds
Platform modules already initialized, skipping
Refreshing native plugins compatible for Editor in 0.35 ms, found 2 plugins.
Preloading 0 native plugins for Editor in 0.00 ms.
Unloading 1419 Unused Serialized files (Serialized files now loaded: 0)
System memory in use before: 69.9 MB.
System memory in use after: 70.0 MB.

Unloading 14 unused Assets to reduce memory usage. Loaded Objects now: 1932.
Total: 3.058900 ms (FindLiveObjects: 0.414200 ms CreateObjectMapping: 0.094200 ms MarkObjects: 2.457600 ms  DeleteObjects: 0.088800 ms)

========================================================================
Received Import Request.
  Time since last request: 68.973023 seconds.
  path: Assets/Scripts/BoatController.cs
  artifactKey: Guid(240cf9a278a4d9847918800cbfca5538) Importer(815301076,1909f56bfc062723c751e8b465ee728b)
Start importing Assets/Scripts/BoatController.cs using Guid(240cf9a278a4d9847918800cbfca5538) Importer(815301076,1909f56bfc062723c751e8b465ee728b)  -> (artifact id: '6553faa2538e5e24d4c7732c625be154') in 0.007317 seconds
  Import took 0.132328 seconds .

========================================================================
Received Prepare
Registering precompiled user dll's ...
Registered in 0.081327 seconds.
Begin MonoManager ReloadAssembly
Native extension for WindowsStandalone target not found
Refreshing native plugins compatible for Editor in 0.45 ms, found 2 plugins.
Preloading 0 native plugins for Editor in 0.00 ms.
Mono: successfully reloaded assembly
- Completed reload, in  1.794 seconds
Platform modules already initialized, skipping
Refreshing native plugins compatible for Editor in 0.35 ms, found 2 plugins.
Preloading 0 native plugins for Editor in 0.00 ms.
Unloading 1419 Unused Serialized files (Serialized files now loaded: 0)
System memory in use before: 69.9 MB.
System memory in use after: 70.0 MB.

Unloading 14 unused Assets to reduce memory usage. Loaded Objects now: 1935.
Total: 2.133100 ms (FindLiveObjects: 0.172700 ms CreateObjectMapping: 0.035500 ms MarkObjects: 1.851500 ms  DeleteObjects: 0.071900 ms)

========================================================================
Received Import Request.
  Time since last request: 1626.816525 seconds.
  path: Assets/boat/depthMask.mat
  artifactKey: Guid(6e664c091cda7844e8c1a92853773b70) Importer(815301076,1909f56bfc062723c751e8b465ee728b)
Start importing Assets/boat/depthMask.mat using Guid(6e664c091cda7844e8c1a92853773b70) Importer(815301076,1909f56bfc062723c751e8b465ee728b)  -> (artifact id: '836548e7ff79134e94d73f7bd4ad2bfd') in 0.087200 seconds
  Import took 0.101380 seconds .

========================================================================
Received Import Request.
  Time since last request: 34.402913 seconds.
  path: Assets/boat/depthMaskShader.shader
  artifactKey: Guid(abf573a39c2b7b6448a5cb79970ffb66) Importer(815301076,1909f56bfc062723c751e8b465ee728b)
Start importing Assets/boat/depthMaskShader.shader using Guid(abf573a39c2b7b6448a5cb79970ffb66) Importer(815301076,1909f56bfc062723c751e8b465ee728b)  -> (artifact id: '9aa25fb4d070a352325c5d853b930a10') in 0.054618 seconds
  Import took 0.057585 seconds .

========================================================================
Received Import Request.
  Time since last request: 0.159408 seconds.
  path: Assets/boat/depthMaskShader.shader
  artifactKey: Guid(abf573a39c2b7b6448a5cb79970ffb66) Importer(815301076,1909f56bfc062723c751e8b465ee728b)
Start importing Assets/boat/depthMaskShader.shader using Guid(abf573a39c2b7b6448a5cb79970ffb66) Importer(815301076,1909f56bfc062723c751e8b465ee728b)  -> (artifact id: '9aa25fb4d070a352325c5d853b930a10') in 0.006776 seconds
  Import took 0.011421 seconds .

========================================================================
Received Import Request.
  Time since last request: 79.604415 seconds.
  path: Assets/boat/depthMaskShader.shader
  artifactKey: Guid(abf573a39c2b7b6448a5cb79970ffb66) Importer(815301076,1909f56bfc062723c751e8b465ee728b)
Start importing Assets/boat/depthMaskShader.shader using Guid(abf573a39c2b7b6448a5cb79970ffb66) Importer(815301076,1909f56bfc062723c751e8b465ee728b)  -> (artifact id: '47aa806d2bb32fa77ae59b1545e5cfa5') in 0.004508 seconds
  Import took 0.007464 seconds .

========================================================================
Received Import Request.
  Time since last request: 571.539382 seconds.
  path: Assets/boat/boatFBX.fbx
  artifactKey: Guid(b330e23429a544843a70a4f3a681414e) Importer(815301076,1909f56bfc062723c751e8b465ee728b)
Start importing Assets/boat/boatFBX.fbx using Guid(b330e23429a544843a70a4f3a681414e) Importer(815301076,1909f56bfc062723c751e8b465ee728b)  -> (artifact id: '29ac08d82dce88f60d8d36a7792a4491') in 0.028920 seconds
  Import took 0.093419 seconds .

========================================================================
Received Import Request.
  Time since last request: 87.868385 seconds.
  path: Assets/boat/boatFBX.fbx
  artifactKey: Guid(b330e23429a544843a70a4f3a681414e) Importer(815301076,1909f56bfc062723c751e8b465ee728b)
Start importing Assets/boat/boatFBX.fbx using Guid(b330e23429a544843a70a4f3a681414e) Importer(815301076,1909f56bfc062723c751e8b465ee728b)  -> (artifact id: '05dac4ebb0fde6ff846f52c9d0ca773e') in 0.004258 seconds
  Import took 0.054082 seconds .

========================================================================
Received Import Request.
  Time since last request: 56.875830 seconds.
  path: Assets/boat/boatFBX.fbx
  artifactKey: Guid(b330e23429a544843a70a4f3a681414e) Importer(815301076,1909f56bfc062723c751e8b465ee728b)
Start importing Assets/boat/boatFBX.fbx using Guid(b330e23429a544843a70a4f3a681414e) Importer(815301076,1909f56bfc062723c751e8b465ee728b)  -> (artifact id: 'e4a41bab0f108387ad091b4a2ed580ea') in 0.115287 seconds
  Import took 0.140519 seconds .

========================================================================
Received Import Request.
  Time since last request: 104.470227 seconds.
  path: Assets/boat/boatFBX.fbx
  artifactKey: Guid(b330e23429a544843a70a4f3a681414e) Importer(815301076,1909f56bfc062723c751e8b465ee728b)
Start importing Assets/boat/boatFBX.fbx using Guid(b330e23429a544843a70a4f3a681414e) Importer(815301076,1909f56bfc062723c751e8b465ee728b)  -> (artifact id: '61c207109692a61878dcea6aa115891b') in 0.593158 seconds
  Import took 0.604660 seconds .

========================================================================
Received Import Request.
  Time since last request: 1.276795 seconds.
  path: Assets/boat/bumps/wood2_BUMPS/New Material.mat
  artifactKey: Guid(20e22c569507c514891e6def2b251e79) Importer(815301076,1909f56bfc062723c751e8b465ee728b)
Start importing Assets/boat/bumps/wood2_BUMPS/New Material.mat using Guid(20e22c569507c514891e6def2b251e79) Importer(815301076,1909f56bfc062723c751e8b465ee728b)  -> (artifact id: '58f52ec12407d62469eba54149144675') in 0.410856 seconds
  Import took 0.431165 seconds .

========================================================================
Received Import Request.
  Time since last request: 2.441871 seconds.
  path: Assets/boat/boatFBX.fbx
  artifactKey: Guid(b330e23429a544843a70a4f3a681414e) Importer(815301076,1909f56bfc062723c751e8b465ee728b)
Start importing Assets/boat/boatFBX.fbx using Guid(b330e23429a544843a70a4f3a681414e) Importer(815301076,1909f56bfc062723c751e8b465ee728b)  -> (artifact id: '0e0a884a1aa513b8a929920d948b89fa') in 0.105083 seconds
  Import took 0.108181 seconds .

========================================================================
Received Import Request.
  Time since last request: 2.467438 seconds.
  path: Assets/boat/bumps/wood3_BUMPS/New Material.mat
  artifactKey: Guid(3ece082b54a7339498811c8005d46bca) Importer(815301076,1909f56bfc062723c751e8b465ee728b)
Start importing Assets/boat/bumps/wood3_BUMPS/New Material.mat using Guid(3ece082b54a7339498811c8005d46bca) Importer(815301076,1909f56bfc062723c751e8b465ee728b)  -> (artifact id: '497b9ba1c4488b7b232ab605e42d3c58') in 0.420546 seconds
  Import took 0.438969 seconds .

========================================================================
Received Import Request.
  Time since last request: 3.376053 seconds.
  path: Assets/boat/boatFBX.fbx
  artifactKey: Guid(b330e23429a544843a70a4f3a681414e) Importer(815301076,1909f56bfc062723c751e8b465ee728b)
Start importing Assets/boat/boatFBX.fbx using Guid(b330e23429a544843a70a4f3a681414e) Importer(815301076,1909f56bfc062723c751e8b465ee728b)  -> (artifact id: 'bb7a3a4f6f9dea9a2d9c71d570156002') in 0.087281 seconds
  Import took 0.141009 seconds .

========================================================================
Received Import Request.
  Time since last request: 218.956039 seconds.
  path: Assets/boat/depthMask.mat
  artifactKey: Guid(6e664c091cda7844e8c1a92853773b70) Importer(815301076,1909f56bfc062723c751e8b465ee728b)
Start importing Assets/boat/depthMask.mat using Guid(6e664c091cda7844e8c1a92853773b70) Importer(815301076,1909f56bfc062723c751e8b465ee728b)  -> (artifact id: '536c55850c3081da03da0bcb8f96e5f9') in 0.137325 seconds
  Import took 0.166230 seconds .

========================================================================
Received Import Request.
  Time since last request: 3.841794 seconds.
  path: Assets/boat/boatFBX.prefab
  artifactKey: Guid(97d78cd1c95db6f4284090e9dca93c88) Importer(815301076,1909f56bfc062723c751e8b465ee728b)
Start importing Assets/boat/boatFBX.prefab using Guid(97d78cd1c95db6f4284090e9dca93c88) Importer(815301076,1909f56bfc062723c751e8b465ee728b)  -> (artifact id: 'a2b688b97c0db7997d94d415a3dbd5f6') in 0.044528 seconds
  Import took 0.048331 seconds .

========================================================================
Received Prepare
Registering precompiled user dll's ...
Registered in 0.012999 seconds.
Begin MonoManager ReloadAssembly
Native extension for WindowsStandalone target not found
Refreshing native plugins compatible for Editor in 0.36 ms, found 2 plugins.
Preloading 0 native plugins for Editor in 0.00 ms.
Mono: successfully reloaded assembly
- Completed reload, in  1.124 seconds
Platform modules already initialized, skipping
Refreshing native plugins compatible for Editor in 0.37 ms, found 2 plugins.
Preloading 0 native plugins for Editor in 0.00 ms.
Unloading 1420 Unused Serialized files (Serialized files now loaded: 0)
System memory in use before: 70.7 MB.
System memory in use after: 70.8 MB.

Unloading 14 unused Assets to reduce memory usage. Loaded Objects now: 1977.
Total: 2.544200 ms (FindLiveObjects: 0.238000 ms CreateObjectMapping: 0.067000 ms MarkObjects: 2.154100 ms  DeleteObjects: 0.083400 ms)

========================================================================
Received Prepare
Registering precompiled user dll's ...
Registered in 0.091215 seconds.
Begin MonoManager ReloadAssembly
Native extension for WindowsStandalone target not found
Refreshing native plugins compatible for Editor in 0.38 ms, found 2 plugins.
Preloading 0 native plugins for Editor in 0.00 ms.
Mono: successfully reloaded assembly
- Completed reload, in  1.185 seconds
Platform modules already initialized, skipping
Refreshing native plugins compatible for Editor in 0.44 ms, found 2 plugins.
Preloading 0 native plugins for Editor in 0.00 ms.
Unloading 1419 Unused Serialized files (Serialized files now loaded: 0)
System memory in use before: 70.6 MB.
System memory in use after: 70.7 MB.

Unloading 14 unused Assets to reduce memory usage. Loaded Objects now: 1980.
Total: 4.146200 ms (FindLiveObjects: 0.301800 ms CreateObjectMapping: 0.039000 ms MarkObjects: 3.706500 ms  DeleteObjects: 0.096400 ms)

========================================================================
Received Import Request.
  Time since last request: 339.337082 seconds.
  path: Assets/Scripts/BoatController.cs
  artifactKey: Guid(240cf9a278a4d9847918800cbfca5538) Importer(815301076,1909f56bfc062723c751e8b465ee728b)
Start importing Assets/Scripts/BoatController.cs using Guid(240cf9a278a4d9847918800cbfca5538) Importer(815301076,1909f56bfc062723c751e8b465ee728b)  -> (artifact id: 'c0f971e612558fe3ea96d3050b75cb17') in 0.007403 seconds
  Import took 0.042344 seconds .

========================================================================
Received Prepare
Registering precompiled user dll's ...
Registered in 0.002213 seconds.
Begin MonoManager ReloadAssembly
Native extension for WindowsStandalone target not found
Refreshing native plugins compatible for Editor in 0.35 ms, found 2 plugins.
Preloading 0 native plugins for Editor in 0.00 ms.
Mono: successfully reloaded assembly
- Completed reload, in  1.001 seconds
Platform modules already initialized, skipping
Refreshing native plugins compatible for Editor in 0.33 ms, found 2 plugins.
Preloading 0 native plugins for Editor in 0.00 ms.
Unloading 1419 Unused Serialized files (Serialized files now loaded: 0)
System memory in use before: 70.6 MB.
System memory in use after: 70.7 MB.

Unloading 14 unused Assets to reduce memory usage. Loaded Objects now: 1983.
Total: 2.553500 ms (FindLiveObjects: 0.178500 ms CreateObjectMapping: 0.035500 ms MarkObjects: 2.256900 ms  DeleteObjects: 0.081100 ms)

========================================================================
Received Prepare
Registering precompiled user dll's ...
Registered in 0.029310 seconds.
Begin MonoManager ReloadAssembly
Native extension for WindowsStandalone target not found
Refreshing native plugins compatible for Editor in 0.64 ms, found 2 plugins.
Preloading 0 native plugins for Editor in 0.00 ms.
Mono: successfully reloaded assembly
- Completed reload, in  0.970 seconds
Platform modules already initialized, skipping
Refreshing native plugins compatible for Editor in 0.36 ms, found 2 plugins.
Preloading 0 native plugins for Editor in 0.00 ms.
Unloading 1419 Unused Serialized files (Serialized files now loaded: 0)
System memory in use before: 70.6 MB.
System memory in use after: 70.7 MB.

Unloading 14 unused Assets to reduce memory usage. Loaded Objects now: 1986.
Total: 2.642700 ms (FindLiveObjects: 0.297200 ms CreateObjectMapping: 0.077600 ms MarkObjects: 2.185300 ms  DeleteObjects: 0.080300 ms)

========================================================================
Received Import Request.
  Time since last request: 305.102988 seconds.
  path: Assets/Scripts/BoatController.cs
  artifactKey: Guid(240cf9a278a4d9847918800cbfca5538) Importer(815301076,1909f56bfc062723c751e8b465ee728b)
Start importing Assets/Scripts/BoatController.cs using Guid(240cf9a278a4d9847918800cbfca5538) Importer(815301076,1909f56bfc062723c751e8b465ee728b)  -> (artifact id: '66016728298ab49f2191c713ea4a0a88') in 0.005847 seconds
  Import took 0.008373 seconds .

========================================================================
Received Prepare
Registering precompiled user dll's ...
Registered in 0.002563 seconds.
Begin MonoManager ReloadAssembly
Native extension for WindowsStandalone target not found
Refreshing native plugins compatible for Editor in 0.32 ms, found 2 plugins.
Preloading 0 native plugins for Editor in 0.00 ms.
Mono: successfully reloaded assembly
- Completed reload, in  0.984 seconds
Platform modules already initialized, skipping
Refreshing native plugins compatible for Editor in 0.35 ms, found 2 plugins.
Preloading 0 native plugins for Editor in 0.00 ms.
Unloading 1419 Unused Serialized files (Serialized files now loaded: 0)
System memory in use before: 70.6 MB.
System memory in use after: 70.7 MB.

Unloading 14 unused Assets to reduce memory usage. Loaded Objects now: 1989.
Total: 3.195400 ms (FindLiveObjects: 0.257100 ms CreateObjectMapping: 0.068800 ms MarkObjects: 2.804000 ms  DeleteObjects: 0.063800 ms)

========================================================================
Received Prepare
Registering precompiled user dll's ...
Registered in 0.002128 seconds.
Begin MonoManager ReloadAssembly
Native extension for WindowsStandalone target not found
Refreshing native plugins compatible for Editor in 0.33 ms, found 2 plugins.
Preloading 0 native plugins for Editor in 0.00 ms.
Mono: successfully reloaded assembly
- Completed reload, in  0.982 seconds
Platform modules already initialized, skipping
Refreshing native plugins compatible for Editor in 0.35 ms, found 2 plugins.
Preloading 0 native plugins for Editor in 0.00 ms.
Unloading 1419 Unused Serialized files (Serialized files now loaded: 0)
System memory in use before: 70.6 MB.
System memory in use after: 70.7 MB.

Unloading 14 unused Assets to reduce memory usage. Loaded Objects now: 1992.
Total: 3.891300 ms (FindLiveObjects: 0.452500 ms CreateObjectMapping: 0.095800 ms MarkObjects: 3.197200 ms  DeleteObjects: 0.143500 ms)

========================================================================
Received Prepare
Registering precompiled user dll's ...
Registered in 0.002108 seconds.
Begin MonoManager ReloadAssembly
Native extension for WindowsStandalone target not found
Refreshing native plugins compatible for Editor in 0.33 ms, found 2 plugins.
Preloading 0 native plugins for Editor in 0.00 ms.
Mono: successfully reloaded assembly
- Completed reload, in  0.974 seconds
Platform modules already initialized, skipping
Refreshing native plugins compatible for Editor in 0.35 ms, found 2 plugins.
Preloading 0 native plugins for Editor in 0.00 ms.
Unloading 1419 Unused Serialized files (Serialized files now loaded: 0)
System memory in use before: 70.6 MB.
System memory in use after: 70.7 MB.

Unloading 14 unused Assets to reduce memory usage. Loaded Objects now: 1995.
Total: 2.742900 ms (FindLiveObjects: 0.196000 ms CreateObjectMapping: 0.036700 ms MarkObjects: 2.444500 ms  DeleteObjects: 0.063800 ms)

========================================================================
Received Prepare
Registering precompiled user dll's ...
Registered in 0.002224 seconds.
Begin MonoManager ReloadAssembly
Native extension for WindowsStandalone target not found
Refreshing native plugins compatible for Editor in 0.36 ms, found 2 plugins.
Preloading 0 native plugins for Editor in 0.00 ms.
Mono: successfully reloaded assembly
- Completed reload, in  0.997 seconds
Platform modules already initialized, skipping
Refreshing native plugins compatible for Editor in 0.41 ms, found 2 plugins.
Preloading 0 native plugins for Editor in 0.00 ms.
Unloading 1419 Unused Serialized files (Serialized files now loaded: 0)
System memory in use before: 70.6 MB.
System memory in use after: 70.7 MB.

Unloading 14 unused Assets to reduce memory usage. Loaded Objects now: 1998.
Total: 2.633900 ms (FindLiveObjects: 0.233300 ms CreateObjectMapping: 0.041300 ms MarkObjects: 2.279500 ms  DeleteObjects: 0.077800 ms)

========================================================================
Received Prepare
Registering precompiled user dll's ...
Registered in 0.002480 seconds.
Begin MonoManager ReloadAssembly
Native extension for WindowsStandalone target not found
Refreshing native plugins compatible for Editor in 0.36 ms, found 2 plugins.
Preloading 0 native plugins for Editor in 0.00 ms.
Mono: successfully reloaded assembly
- Completed reload, in  1.003 seconds
Platform modules already initialized, skipping
Refreshing native plugins compatible for Editor in 0.34 ms, found 2 plugins.
Preloading 0 native plugins for Editor in 0.00 ms.
Unloading 1419 Unused Serialized files (Serialized files now loaded: 0)
System memory in use before: 70.7 MB.
System memory in use after: 70.7 MB.

Unloading 14 unused Assets to reduce memory usage. Loaded Objects now: 2001.
Total: 2.307300 ms (FindLiveObjects: 0.298700 ms CreateObjectMapping: 0.066900 ms MarkObjects: 1.873100 ms  DeleteObjects: 0.066100 ms)

========================================================================
Received Prepare
Registering precompiled user dll's ...
Registered in 0.002081 seconds.
Begin MonoManager ReloadAssembly
Native extension for WindowsStandalone target not found
Refreshing native plugins compatible for Editor in 0.35 ms, found 2 plugins.
Preloading 0 native plugins for Editor in 0.00 ms.
Mono: successfully reloaded assembly
- Completed reload, in  0.951 seconds
Platform modules already initialized, skipping
Refreshing native plugins compatible for Editor in 0.33 ms, found 2 plugins.
Preloading 0 native plugins for Editor in 0.00 ms.
Unloading 1419 Unused Serialized files (Serialized files now loaded: 0)
System memory in use before: 70.7 MB.
System memory in use after: 70.7 MB.

Unloading 14 unused Assets to reduce memory usage. Loaded Objects now: 2004.
Total: 2.952300 ms (FindLiveObjects: 0.190500 ms CreateObjectMapping: 0.078300 ms MarkObjects: 2.611100 ms  DeleteObjects: 0.070300 ms)

========================================================================
Received Prepare
Registering precompiled user dll's ...
Registered in 0.002458 seconds.
Begin MonoManager ReloadAssembly
Native extension for WindowsStandalone target not found
Refreshing native plugins compatible for Editor in 0.33 ms, found 2 plugins.
Preloading 0 native plugins for Editor in 0.00 ms.
Mono: successfully reloaded assembly
- Completed reload, in  0.958 seconds
Platform modules already initialized, skipping
Refreshing native plugins compatible for Editor in 0.55 ms, found 2 plugins.
Preloading 0 native plugins for Editor in 0.00 ms.
Unloading 1419 Unused Serialized files (Serialized files now loaded: 0)
System memory in use before: 70.7 MB.
System memory in use after: 70.7 MB.

Unloading 14 unused Assets to reduce memory usage. Loaded Objects now: 2007.
Total: 2.120000 ms (FindLiveObjects: 0.342500 ms CreateObjectMapping: 0.045900 ms MarkObjects: 1.669000 ms  DeleteObjects: 0.060700 ms)

========================================================================
Received Prepare
Registering precompiled user dll's ...
Registered in 0.002119 seconds.
Begin MonoManager ReloadAssembly
Native extension for WindowsStandalone target not found
Refreshing native plugins compatible for Editor in 0.34 ms, found 2 plugins.
Preloading 0 native plugins for Editor in 0.00 ms.
Mono: successfully reloaded assembly
- Completed reload, in  1.036 seconds
Platform modules already initialized, skipping
Refreshing native plugins compatible for Editor in 0.38 ms, found 2 plugins.
Preloading 0 native plugins for Editor in 0.00 ms.
Unloading 1419 Unused Serialized files (Serialized files now loaded: 0)
System memory in use before: 70.7 MB.
System memory in use after: 70.7 MB.

Unloading 14 unused Assets to reduce memory usage. Loaded Objects now: 2010.
Total: 2.349300 ms (FindLiveObjects: 0.339500 ms CreateObjectMapping: 0.046200 ms MarkObjects: 1.899500 ms  DeleteObjects: 0.062600 ms)

========================================================================
Received Prepare
Registering precompiled user dll's ...
Registered in 0.002295 seconds.
Begin MonoManager ReloadAssembly
Native extension for WindowsStandalone target not found
Refreshing native plugins compatible for Editor in 0.39 ms, found 2 plugins.
Preloading 0 native plugins for Editor in 0.00 ms.
Mono: successfully reloaded assembly
- Completed reload, in  0.990 seconds
Platform modules already initialized, skipping
Refreshing native plugins compatible for Editor in 0.43 ms, found 2 plugins.
Preloading 0 native plugins for Editor in 0.00 ms.
Unloading 1419 Unused Serialized files (Serialized files now loaded: 0)
System memory in use before: 70.7 MB.
System memory in use after: 70.8 MB.

Unloading 14 unused Assets to reduce memory usage. Loaded Objects now: 2013.
Total: 1.986300 ms (FindLiveObjects: 0.188200 ms CreateObjectMapping: 0.037400 ms MarkObjects: 1.700600 ms  DeleteObjects: 0.058600 ms)

========================================================================
Received Prepare
Registering precompiled user dll's ...
Registered in 0.002780 seconds.
Begin MonoManager ReloadAssembly
Native extension for WindowsStandalone target not found
Refreshing native plugins compatible for Editor in 0.36 ms, found 2 plugins.
Preloading 0 native plugins for Editor in 0.00 ms.
Mono: successfully reloaded assembly
- Completed reload, in  0.977 seconds
Platform modules already initialized, skipping
Refreshing native plugins compatible for Editor in 0.46 ms, found 2 plugins.
Preloading 0 native plugins for Editor in 0.00 ms.
Unloading 1419 Unused Serialized files (Serialized files now loaded: 0)
System memory in use before: 70.7 MB.
System memory in use after: 70.8 MB.

Unloading 14 unused Assets to reduce memory usage. Loaded Objects now: 2016.
Total: 2.966000 ms (FindLiveObjects: 0.301100 ms CreateObjectMapping: 0.084300 ms MarkObjects: 2.515300 ms  DeleteObjects: 0.063200 ms)

========================================================================
Received Prepare
Registering precompiled user dll's ...
Registered in 0.002281 seconds.
Begin MonoManager ReloadAssembly
Native extension for WindowsStandalone target not found
Refreshing native plugins compatible for Editor in 0.39 ms, found 2 plugins.
Preloading 0 native plugins for Editor in 0.00 ms.
Mono: successfully reloaded assembly
- Completed reload, in  0.936 seconds
Platform modules already initialized, skipping
Refreshing native plugins compatible for Editor in 0.33 ms, found 2 plugins.
Preloading 0 native plugins for Editor in 0.00 ms.
Unloading 1419 Unused Serialized files (Serialized files now loaded: 0)
System memory in use before: 70.7 MB.
System memory in use after: 70.8 MB.

Unloading 14 unused Assets to reduce memory usage. Loaded Objects now: 2019.
Total: 2.516200 ms (FindLiveObjects: 0.297700 ms CreateObjectMapping: 0.071900 ms MarkObjects: 2.083100 ms  DeleteObjects: 0.061700 ms)

========================================================================
Received Prepare
Registering precompiled user dll's ...
Registered in 0.003065 seconds.
Begin MonoManager ReloadAssembly
Native extension for WindowsStandalone target not found
Refreshing native plugins compatible for Editor in 0.52 ms, found 2 plugins.
Preloading 0 native plugins for Editor in 0.00 ms.
Mono: successfully reloaded assembly
- Completed reload, in  0.984 seconds
Platform modules already initialized, skipping
Refreshing native plugins compatible for Editor in 0.49 ms, found 2 plugins.
Preloading 0 native plugins for Editor in 0.00 ms.
Unloading 1419 Unused Serialized files (Serialized files now loaded: 0)
System memory in use before: 70.7 MB.
System memory in use after: 70.8 MB.

Unloading 14 unused Assets to reduce memory usage. Loaded Objects now: 2022.
Total: 2.878400 ms (FindLiveObjects: 0.199900 ms CreateObjectMapping: 0.040900 ms MarkObjects: 2.571100 ms  DeleteObjects: 0.064300 ms)

AssetImportWorkerClient::OnTransportError - code=2 error=End of file
